# Task Board Logs

## System Information

- **Obsidian version**: 1.12.7
- **Installer version**: 1.12.7
- **Operating system**: Windows 11 Pro 10.0.26200
- **Use [[Wikilinks]]**: true
- **Base color scheme**: light
- **Community theme**: Serif v1.0.0
- **Snippets enabled**: 45
- **Plugins installed**: 161
- **Plugins enabled**: 
  - Anchor Link Display Text v1.4.0
  - Simplified Chinese Word Splitting v1.13.4
  - Format with Prettier v0.17.0
  - Linked Note Exporter v0.2.5
  - Advanced URI v1.46.1
  - Title Serial Number Plugin v1.1.0
  - BRAT v2.0.4
  - Open Tab Settings v2.1.1
  - Quick Explorer v0.2.16
  - Quick Tagger v2.2.4
  - Paste URL into selection v1.11.4
  - aDHL v1.2.13
  - Checkbox Style Menu v1.2.0
  - Chinese Calendar v1.0.13
  - Commander v0.5.5
  - Colored Tags v6.1.2
  - Components v3.1.260525
  - Creases v0.7.8
  - CSS Inlay Colors v1.4.1
  - Editor Width Slider v1.0.5
  - Execute Code v2.1.2
  - Folder notes v1.8.19
  - GridExplorer v3.2.6
  - Keyshots v2.8.1
  - Lineage v0.8.5
  - Links v1.17.51
  - Messager v1.1.8
  - Modal Opener v1.3.2
  - Note Toolbar v1.32.15
  - Another Quick Switcher v14.6.0
  - Auto Link Title v1.5.5
  - Douban v2.3.3
  - Heading Shifter v1.10.2
  - Image Toolkit v1.4.3
  - Kanban v2.0.51
  - Latex Suite v1.11.5
  - markdown export v1.0.39
  - Markmind v3.5.1
  - Outliner v4.10.1
  - Zoom v1.1.2
  - Go To Heading v0.2.2
  - Periodic Notes v0.0.17
  - QuickAdd v2.12.3
  - Slash Commander v0.3.9
  - Tabs v1.1.8
  - Multiple Notes Outline v0.6.2
  - Templater v2.20.5
  - Enhancing Export v1.11.1
  - Image Context Menus v1.12.2
  - Focus Time v1.3.0
  - Code Files v1.1.9
  - Dashboard navigator v10.0.0
  - Quick Plugin Switcher v8.1.3
  - Hot Reload v0.3.0
  - Paste Image Rename and Convert v1.0.0
  - Linter v1.31.2
  - Password Manager v1.0.12
  - Copy Block Link v1.0.4
  - Table Collapse Plugin v0.1.3
  - Git v2.38.3
  - Various Complements v11.3.0
  - Dataview v0.5.68
  - Tasks v8.0.0
  - Nav Link Header v2.8.0
  - Link Navigation v0.0.11
  - Copy As PlainText v1.0.3
  - Advanced Search UI v1.4.9
  - Page Scroll v1.0.1
  - Better Heading Link v0.1.1
  - Quiet Outline v0.5.14
  - Dynamic Outline v1.19.0
  - Front Matter Title v3.13.1
  - Canvas Loom v1.7.2
  - SnipDock v1.1.3
  - Better Search Views v0.3.0
  - Better Search and Replace v1.0.11
  - Codeblock Customizer v1.4.7
  - Tick Tones v1.6.11
  - Show Whitespace v0.2.11
  - 复制图文 (Copy Image Text) v1.1.8
  - Colorful StickyNotes v1.0.10
  - YOLO v1.5.10
  - Better Links v1.4.7
  - Task Board v1.10.10
  - HTML Docs v1.1.2
  - Thino v3.0.12
  - InlineAI v1.2.7
  - Style Settings v1.0.9
  - Super Zen v1.1.3
  - Excalidraw v2.23.8
  - Draw in Canvas v0.1.7
  - Better Plugins Manager v1.0.4

## Recent Bug Reports

Timestamp : 2026-04-29T23:46:49
ID : 142
Message : 
Context : undefined
Version : 1.10.2

#### Bug Content
```log
No current drag data available for drop operation.currentDragData=null
```

-------------

Timestamp : 2026-05-01T13:34:14
ID : 142
Message : 
Context : undefined
Version : 1.10.2

#### Bug Content
```log
No current drag data available for drop operation.currentDragData=null
```

-------------

Timestamp : 2026-05-02T20:42:06
ID : 142
Message : 
Context : undefined
Version : 1.10.2

#### Bug Content
```log
No current drag data available for drop operation.currentDragData=null
```

-------------

Timestamp : 2026-05-02T20:44:27
ID : 142
Message : 
Context : undefined
Version : 1.10.2

#### Bug Content
```log
No current drag data available for drop operation.currentDragData=null
```

-------------

Timestamp : 2026-05-05T21:59:17
ID : 142
Message : 
Context : undefined
Version : 1.10.2

#### Bug Content
```log
No current drag data available for drop operation.currentDragData=null
```

-------------

Timestamp : 2026-05-05T21:59:39
ID : 141
Message : 
Context : undefined
Version : 1.10.2

#### Bug Content
```log
No source column data available for dragover.
SourceColumn=null
```

-------------

Timestamp : 2026-05-06T12:04:16
ID : 142
Message : 
Context : undefined
Version : 1.10.2

#### Bug Content
```log
No current drag data available for drop operation.currentDragData=null
```

-------------

Timestamp : 2026-05-06T22:28:29
ID : 142
Message : 
Context : undefined
Version : 1.10.2

#### Bug Content
```log
No current drag data available for drop operation.currentDragData=null
```

-------------

Timestamp : 2026-05-06T23:11:17
ID : 91
Message : 
Context : undefined
Version : 1.10.2

#### Bug Content
```log
Column data : undefined
```

-------------

Timestamp : 2026-05-06T23:12:14
ID : 141
Message : 
Context : undefined
Version : 1.10.2

#### Bug Content
```log
No source column data available for dragover.
SourceColumn=null
```

-------------

Timestamp : 2026-05-06T23:57:27
ID : 142
Message : 
Context : undefined
Version : 1.10.2

#### Bug Content
```log
No current drag data available for drop operation.currentDragData=null
```

-------------

Timestamp : 2026-05-08T15:13:35
ID : 163
Message : 
Context : undefined
Version : 1.10.2

#### Bug Content
```log
TypeError: Cannot read properties of null (reading 'messageEl')
```

-------------

Timestamp : 2026-05-08T15:13:43
ID : 142
Message : 
Context : undefined
Version : 1.10.2

#### Bug Content
```log
No current drag data available for drop operation.currentDragData=null
```

-------------

Timestamp : 2026-05-09T09:37:45
ID : 145
Message : 
Context : undefined
Version : 1.10.2

#### Bug Content
```log
No need to worry if this is appearing on the fresh install.
SyntaxError: Unexpected end of JSON input
```

-------------

Timestamp : 2026-05-09T16:50:29
ID : 163
Message : 
Context : undefined
Version : 1.10.2

#### Bug Content
```log
TypeError: Cannot read properties of null (reading 'messageEl')
```

-------------

Timestamp : 2026-05-16T19:38:04
ID : 142
Message : 
Context : DragDropTasksManager.ts/handleDropEvent
Version : 1.10.2

#### Bug Content
```log
No current drag data available for drop operation.currentDragData=null
```

-------------

Timestamp : 2026-05-25T11:14:48
ID : 163
Message : 
Context : main.ts/processDeleteQueue
Version : 1.10.8

#### Bug Content
```log
TypeError: Cannot read properties of null (reading 'messageEl')
```

-------------

Timestamp : 2026-05-25T11:14:51
ID : 142
Message : 
Context : DragDropTasksManager.ts/handleDropEvent
Version : 1.10.8

#### Bug Content
```log
No current drag data available for drop operation.currentDragData=null
```

-------------

Timestamp : 2026-05-25T11:15:36
ID : 164
Message : 
Context : main.ts/processCreateQueue
Version : 1.10.8

#### Bug Content
```log
TypeError: Cannot read properties of null (reading 'messageEl')
```

-------------

Timestamp : 2026-06-01T18:43:58
ID : 142
Message : 
Context : DragDropTasksManager.ts/handleDropEvent
Version : 1.10.10

#### Bug Content
```log
No current drag data available for drop operation.currentDragData=null
```
